<?xml version="1.0" encoding="UTF-8" standalone="no"?>
<testsuite failures="0" name="cucumber.runtime.formatter.JUnitFormatter" skipped="0" tests="1" time="12.816864">
    <testcase classname="Free CRM Login Feature" name="Free CRM Login Test Scenario" time="12.816864">
        <system-out>
            <![CDATA[Given user is already on Login Page.........................................passed
When title of Login Page is Free CRM........................................passed
Then user enters username and password......................................passed
Then user clicks on login button............................................passed
Then user is on home page...................................................passed
]]>
        </system-out>
    </testcase>
</testsuite>
