<?xml version="1.0" encoding="UTF-8" standalone="no"?>
<testsuite failures="0" name="cucumber.runtime.formatter.JUnitFormatter" skipped="0" tests="3" time="0">
    <testcase classname="Test Tagged Hooks" name="This is First test" time="0">
        <system-out>
            <![CDATA[Given this is the first step................................................skipped
When this is the second step................................................skipped
Then this is the third step.................................................skipped
]]>
        </system-out>
    </testcase>
    <testcase classname="Test Tagged Hooks" name="This is Second test" time="0">
        <system-out>
            <![CDATA[Given this is the first step................................................skipped
When this is the second step................................................skipped
Then this is the third step.................................................skipped
]]>
        </system-out>
    </testcase>
    <testcase classname="Test Tagged Hooks" name="This is Third test" time="0">
        <system-out>
            <![CDATA[Given this is the first step................................................skipped
When this is the second step................................................skipped
Then this is the third step.................................................skipped
]]>
        </system-out>
    </testcase>
</testsuite>
